<?xml version="1.0" encoding="UTF-8"?>
<testng-results skipped="0" failed="1" ignored="0" total="2" passed="1">
  <reporter-output>
  </reporter-output>
  <suite name="Default suite" duration-ms="28044" started-at="2020-07-25T23:13:05 IST" finished-at="2020-07-25T23:13:33 IST">
    <groups>
    </groups>
    <test name="Default test" duration-ms="28044" started-at="2020-07-25T23:13:05 IST" finished-at="2020-07-25T23:13:33 IST">
      <class name="com.tAjio.homePage.HamburgerMenu">
        <test-method status="PASS" signature="setup()[pri:0, instance:com.tAjio.homePage.HamburgerMenu@480bdb19]" name="setup" is-config="true" duration-ms="17185" started-at="2020-07-25T23:13:05 IST" finished-at="2020-07-25T23:13:22 IST">
          <reporter-output>
          </reporter-output>
        </test-method> <!-- setup -->
        <test-method status="PASS" signature="sHamburgerMenuInitialSetup()[pri:0, instance:com.tAjio.homePage.HamburgerMenu@480bdb19]" name="sHamburgerMenuInitialSetup" is-config="true" duration-ms="20" started-at="2020-07-25T23:13:22 IST" finished-at="2020-07-25T23:13:22 IST">
          <reporter-output>
          </reporter-output>
        </test-method> <!-- sHamburgerMenuInitialSetup -->
        <test-method status="PASS" signature="homePage()[pri:1, instance:com.tAjio.homePage.HamburgerMenu@480bdb19]" name="homePage" duration-ms="3614" started-at="2020-07-25T23:13:22 IST" finished-at="2020-07-25T23:13:26 IST">
          <reporter-output>
          </reporter-output>
        </test-method> <!-- homePage -->
        <test-method status="FAIL" signature="hamburgerMenuTap()[pri:0, instance:com.tAjio.homePage.HamburgerMenu@480bdb19]" name="hamburgerMenuTap" duration-ms="7189" started-at="2020-07-25T23:13:26 IST" depends-on-methods="com.tAjio.homePage.HamburgerMenu.homePage" finished-at="2020-07-25T23:13:33 IST">
          <exception class="java.lang.AssertionError">
            <message>
              <![CDATA[Lists differ at element [0]: WOMeN != WOMEN expected [WOMeN] but found [WOMEN]]]>
            </message>
            <full-stacktrace>
              <![CDATA[java.lang.AssertionError: Lists differ at element [0]: WOMeN != WOMEN expected [WOMeN] but found [WOMEN]
at org.testng.Assert.fail(Assert.java:97)
at org.testng.Assert.assertEqualsImpl(Assert.java:136)
at org.testng.Assert.assertEquals(Assert.java:1030)
at org.testng.Assert.assertEquals(Assert.java:992)
at com.sAjio.HomePage.homePageAsserts.validateMenuContent(homePageAsserts.java:49)
at com.tAjio.homePage.HamburgerMenu.hamburgerMenuTap(HamburgerMenu.java:37)
at sun.reflect.NativeMethodAccessorImpl.invoke0(Native Method)
at sun.reflect.NativeMethodAccessorImpl.invoke(Unknown Source)
at sun.reflect.DelegatingMethodAccessorImpl.invoke(Unknown Source)
at java.lang.reflect.Method.invoke(Unknown Source)
at org.testng.internal.MethodInvocationHelper.invokeMethod(MethodInvocationHelper.java:135)
at org.testng.internal.TestInvoker.invokeMethod(TestInvoker.java:598)
at org.testng.internal.TestInvoker.invokeTestMethod(TestInvoker.java:174)
at org.testng.internal.MethodRunner.runInSequence(MethodRunner.java:46)
at org.testng.internal.TestInvoker$MethodInvocationAgent.invoke(TestInvoker.java:821)
at org.testng.internal.TestInvoker.invokeTestMethods(TestInvoker.java:147)
at org.testng.internal.TestMethodWorker.invokeTestMethods(TestMethodWorker.java:146)
at org.testng.internal.TestMethodWorker.run(TestMethodWorker.java:128)
at java.util.ArrayList.forEach(Unknown Source)
at org.testng.TestRunner.privateRun(TestRunner.java:767)
at org.testng.TestRunner.run(TestRunner.java:588)
at org.testng.SuiteRunner.runTest(SuiteRunner.java:384)
at org.testng.SuiteRunner.runSequentially(SuiteRunner.java:378)
at org.testng.SuiteRunner.privateRun(SuiteRunner.java:337)
at org.testng.SuiteRunner.run(SuiteRunner.java:286)
at org.testng.SuiteRunnerWorker.runSuite(SuiteRunnerWorker.java:53)
at org.testng.SuiteRunnerWorker.run(SuiteRunnerWorker.java:96)
at org.testng.TestNG.runSuitesSequentially(TestNG.java:1214)
at org.testng.TestNG.runSuitesLocally(TestNG.java:1136)
at org.testng.TestNG.runSuites(TestNG.java:1066)
at org.testng.TestNG.run(TestNG.java:1034)
at org.testng.remote.AbstractRemoteTestNG.run(AbstractRemoteTestNG.java:115)
at org.testng.remote.RemoteTestNG.initAndRun(RemoteTestNG.java:251)
at org.testng.remote.RemoteTestNG.main(RemoteTestNG.java:77)
]]>
            </full-stacktrace>
          </exception> <!-- java.lang.AssertionError -->
          <reporter-output>
          </reporter-output>
        </test-method> <!-- hamburgerMenuTap -->
        <test-method status="PASS" signature="closure()[pri:0, instance:com.tAjio.homePage.HamburgerMenu@480bdb19]" name="closure" is-config="true" duration-ms="1385" started-at="2020-07-25T23:13:33 IST" finished-at="2020-07-25T23:13:35 IST">
          <reporter-output>
          </reporter-output>
        </test-method> <!-- closure -->
      </class> <!-- com.tAjio.homePage.HamburgerMenu -->
    </test> <!-- Default test -->
  </suite> <!-- Default suite -->
</testng-results>
